2015-04-13 08:28:01,482 [8] INFO  bookingbug - Starting Booking Bug Booking execution
2015-04-13 08:28:01,557 [8] ERROR bookingbug - bookingbug integration failed
System.InvalidOperationException: Sequence contains no matching element
   at System.Linq.Enumerable.First[TSource](IEnumerable`1 source, Func`2 predicate)
   at BookingBugBookingIntegration.BookingBugBookingIntegration.Execute(String[] args) in c:\2012Source\S-P3\VCReporting\Main\Source\BookingBugBookingIntegration\BookingBugBookingIntegration.cs:line 34
   at IntegrationRunner.IntegrationRunner.Main(String[] args) in c:\2012Source\S-P3\VCReporting\Main\Source\IntegrationRunner\IntegrationRunner.cs:line 32
2015-04-13 08:28:30,444 [10] INFO  bookingbug - Starting Booking Bug Booking execution
2015-04-13 08:28:30,463 [10] ERROR bookingbug - bookingbug integration failed
System.InvalidOperationException: Sequence contains no matching element
   at System.Linq.Enumerable.First[TSource](IEnumerable`1 source, Func`2 predicate)
   at BookingBugBookingIntegration.BookingBugBookingIntegration.Execute(String[] args) in c:\2012Source\S-P3\VCReporting\Main\Source\BookingBugBookingIntegration\BookingBugBookingIntegration.cs:line 34
   at IntegrationRunner.IntegrationRunner.Main(String[] args) in c:\2012Source\S-P3\VCReporting\Main\Source\IntegrationRunner\IntegrationRunner.cs:line 32
2015-04-13 08:29:36,560 [9] INFO  bookingbug - Starting Booking Bug Booking execution
2015-04-13 08:30:21,494 [9] INFO  bookingbug - 2 people retrieved successfully.
2015-04-13 08:30:35,199 [9] INFO  bookingbug - People saved successfully
2015-04-13 08:30:37,231 [9] INFO  bookingbug - Finished Booking Bug Booking execution
2015-04-13 08:59:06,425 [8] INFO  bookingbug - Starting Booking Bug Booking execution
2015-04-13 09:18:57,576 [9] INFO  bookingbug - Starting Booking Bug Booking execution
2015-04-13 09:18:57,872 [9] INFO  bookingbug - Client retrieved successfully.
2015-04-13 09:18:59,637 [9] INFO  bookingbug - Client saved successfully.
2015-04-13 09:18:59,637 [9] INFO  bookingbug - Finished Booking Bug Booking execution
2015-04-13 09:19:38,627 [10] INFO  bookingbug - Starting Booking Bug Booking execution
2015-04-13 09:19:38,809 [10] INFO  bookingbug - 10 clients retrieved successfully.
2015-04-13 09:19:40,552 [10] INFO  bookingbug - Clients saved successfully
2015-04-13 09:19:40,552 [10] INFO  bookingbug - Finished Booking Bug Booking execution
2015-04-13 10:13:54,583 [10] INFO  bookingbug - Starting Booking Bug Booking execution
2015-04-13 10:14:17,841 [10] ERROR bookingbug - bookingbug integration failed
System.ArgumentException: Object of type 'System.String' cannot be converted to type 'System.Int32'.
   at System.RuntimeType.TryChangeType(Object value, Binder binder, CultureInfo culture, Boolean needsSpecialCast)
   at System.RuntimeType.CheckValue(Object value, Binder binder, CultureInfo culture, BindingFlags invokeAttr)
   at System.Reflection.MethodBase.CheckArguments(Object[] parameters, Binder binder, BindingFlags invokeAttr, CultureInfo culture, Signature sig)
   at System.Reflection.RuntimeMethodInfo.InvokeArgumentsCheck(Object obj, BindingFlags invokeAttr, Binder binder, Object[] parameters, CultureInfo culture)
   at System.Reflection.RuntimeMethodInfo.Invoke(Object obj, BindingFlags invokeAttr, Binder binder, Object[] parameters, CultureInfo culture)
   at System.Reflection.RuntimePropertyInfo.SetValue(Object obj, Object value, BindingFlags invokeAttr, Binder binder, Object[] index, CultureInfo culture)
   at System.Reflection.RuntimePropertyInfo.SetValue(Object obj, Object value, Object[] index)
   at System.Reflection.PropertyInfo.SetValue(Object obj, Object value)
   at BookingBugBookingIntegration.BookingBugApi.CreateObjectFromJson[T](JToken json) in c:\2012Source\S-P3\VCReporting\Main\Source\BookingBugBookingIntegration\BookingBugApi.cs:line 138
   at BookingBugBookingIntegration.BookingBugApi.CreateBookingFromJson(JToken json) in c:\2012Source\S-P3\VCReporting\Main\Source\BookingBugBookingIntegration\BookingBugApi.cs:line 38
   at BookingBugBookingIntegration.BookingBugApi.GetBooking(Int32 bookingId) in c:\2012Source\S-P3\VCReporting\Main\Source\BookingBugBookingIntegration\BookingBugApi.cs:line 33
   at BookingBugBookingIntegration.BookingBugOperations.GetBooking.Execute(String[] args) in c:\2012Source\S-P3\VCReporting\Main\Source\BookingBugBookingIntegration\BookingBugOperations\GetBooking.cs:line 27
   at BookingBugBookingIntegration.BookingBugBookingIntegration.Execute(String[] args) in c:\2012Source\S-P3\VCReporting\Main\Source\BookingBugBookingIntegration\BookingBugBookingIntegration.cs:line 34
   at IntegrationRunner.IntegrationRunner.Main(String[] args) in c:\2012Source\S-P3\VCReporting\Main\Source\IntegrationRunner\IntegrationRunner.cs:line 32
2015-04-13 10:14:33,661 [10] INFO  bookingbug - Starting Booking Bug Booking execution
2015-04-13 10:15:14,054 [10] ERROR bookingbug - bookingbug integration failed
System.ArgumentException: Object of type 'System.String' cannot be converted to type 'System.Int32'.
   at System.RuntimeType.TryChangeType(Object value, Binder binder, CultureInfo culture, Boolean needsSpecialCast)
   at System.RuntimeType.CheckValue(Object value, Binder binder, CultureInfo culture, BindingFlags invokeAttr)
   at System.Reflection.MethodBase.CheckArguments(Object[] parameters, Binder binder, BindingFlags invokeAttr, CultureInfo culture, Signature sig)
   at System.Reflection.RuntimeMethodInfo.InvokeArgumentsCheck(Object obj, BindingFlags invokeAttr, Binder binder, Object[] parameters, CultureInfo culture)
   at System.Reflection.RuntimeMethodInfo.Invoke(Object obj, BindingFlags invokeAttr, Binder binder, Object[] parameters, CultureInfo culture)
   at System.Reflection.RuntimePropertyInfo.SetValue(Object obj, Object value, BindingFlags invokeAttr, Binder binder, Object[] index, CultureInfo culture)
   at System.Reflection.RuntimePropertyInfo.SetValue(Object obj, Object value, Object[] index)
   at System.Reflection.PropertyInfo.SetValue(Object obj, Object value)
   at BookingBugBookingIntegration.BookingBugApi.CreateObjectFromJson[T](JToken json) in c:\2012Source\S-P3\VCReporting\Main\Source\BookingBugBookingIntegration\BookingBugApi.cs:line 138
   at BookingBugBookingIntegration.BookingBugApi.CreateBookingFromJson(JToken json) in c:\2012Source\S-P3\VCReporting\Main\Source\BookingBugBookingIntegration\BookingBugApi.cs:line 38
   at BookingBugBookingIntegration.BookingBugApi.GetBooking(Int32 bookingId) in c:\2012Source\S-P3\VCReporting\Main\Source\BookingBugBookingIntegration\BookingBugApi.cs:line 33
   at BookingBugBookingIntegration.BookingBugOperations.GetBooking.Execute(String[] args) in c:\2012Source\S-P3\VCReporting\Main\Source\BookingBugBookingIntegration\BookingBugOperations\GetBooking.cs:line 27
   at BookingBugBookingIntegration.BookingBugBookingIntegration.Execute(String[] args) in c:\2012Source\S-P3\VCReporting\Main\Source\BookingBugBookingIntegration\BookingBugBookingIntegration.cs:line 34
   at IntegrationRunner.IntegrationRunner.Main(String[] args) in c:\2012Source\S-P3\VCReporting\Main\Source\IntegrationRunner\IntegrationRunner.cs:line 32
2015-04-13 10:15:57,265 [9] INFO  bookingbug - Starting Booking Bug Booking execution
2015-04-13 10:19:53,358 [9] INFO  bookingbug - Starting Booking Bug Booking execution
2015-04-13 10:21:18,567 [10] INFO  bookingbug - Starting Booking Bug Booking execution
2015-04-13 10:22:12,442 [10] INFO  bookingbug - 30 bookings retrieved
2015-04-13 10:22:15,852 [10] INFO  bookingbug - Bookings saved successfully.
2015-04-13 10:22:15,852 [10] INFO  bookingbug - Finished Booking Bug Booking execution
2015-04-13 10:23:10,622 [10] INFO  bookingbug - Starting Booking Bug Booking execution
2015-04-13 10:31:22,934 [8] INFO  bookingbug - Starting Booking Bug Booking execution
2015-04-13 10:34:35,352 [10] INFO  bookingbug - Starting Booking Bug Booking execution
2015-04-13 10:35:23,959 [10] INFO  bookingbug - 30 bookings retrieved
2015-04-13 10:35:27,000 [10] INFO  bookingbug - Bookings saved successfully.
2015-04-13 10:35:27,000 [10] INFO  bookingbug - Finished Booking Bug Booking execution
2015-04-13 11:08:11,776 [9] INFO  bookingbug - Starting Booking Bug Booking execution
2015-04-13 11:09:22,950 [9] INFO  bookingbug - 30 bookings retrieved
2015-04-13 11:10:54,814 [8] INFO  bookingbug - Starting Booking Bug Booking execution
2015-04-13 11:11:05,543 [8] INFO  bookingbug - 30 bookings retrieved
2015-04-13 11:11:08,563 [8] INFO  bookingbug - Bookings saved successfully.
2015-04-13 11:11:08,563 [8] INFO  bookingbug - Finished Booking Bug Booking execution
2015-04-13 12:53:16,093 [10] INFO  bookingbug - Starting Booking Bug Booking execution
2015-04-13 12:53:20,533 [10] INFO  bookingbug - Retrieving clients.
2015-04-13 12:55:03,424 [8] INFO  bookingbug - Starting Booking Bug Booking execution
2015-04-13 12:55:06,612 [8] INFO  bookingbug - Retrieving clients.
2015-04-13 12:55:45,542 [10] INFO  bookingbug - Starting Booking Bug Booking execution
2015-04-13 12:59:08,285 [10] INFO  bookingbug - Retrieving clients.
2015-04-13 12:59:10,738 [10] INFO  bookingbug - Creating clients.
2015-04-13 13:02:45,737 [8] INFO  bookingbug - Starting Booking Bug Booking execution
2015-04-13 13:02:47,509 [8] INFO  bookingbug - Retrieving clients.
2015-04-13 13:02:48,075 [8] INFO  bookingbug - Creating clients.
2015-04-13 13:57:15,390 [9] INFO  bookingbug - Starting Booking Bug Booking execution
2015-04-13 13:57:32,115 [9] INFO  bookingbug - Retrieving clients.
2015-04-13 14:00:14,725 [9] INFO  bookingbug - Creating clients.
2015-04-13 14:01:03,294 [10] INFO  bookingbug - Starting Booking Bug Booking execution
2015-04-13 14:01:05,619 [10] INFO  bookingbug - Retrieving clients.
2015-04-13 14:01:06,197 [10] INFO  bookingbug - Creating clients.
2015-04-13 14:03:06,780 [10] INFO  bookingbug - Starting Booking Bug Booking execution
2015-04-13 14:03:08,747 [10] INFO  bookingbug - Retrieving clients.
2015-04-13 14:03:09,930 [10] INFO  bookingbug - Creating clients.
2015-04-13 14:14:49,740 [9] INFO  bookingbug - Starting Booking Bug Booking execution
2015-04-13 14:14:52,747 [9] INFO  bookingbug - Retrieving clients.
2015-04-13 14:14:52,752 [9] INFO  bookingbug - Creating clients.
2015-04-13 14:20:29,407 [10] INFO  bookingbug - Starting Booking Bug Booking execution
2015-04-13 14:20:33,238 [10] INFO  bookingbug - Retrieving clients.
2015-04-13 14:20:33,240 [10] INFO  bookingbug - Creating clients.
2015-04-13 14:34:28,938 [10] INFO  bookingbug - Finished Booking Bug Booking execution
2015-04-13 14:35:48,422 [9] INFO  bookingbug - Starting Booking Bug Booking execution
2015-04-13 14:36:33,133 [9] ERROR bookingbug - bookingbug integration failed
System.Exception: Unable to retreive data from Booking Bug due to: Not Found
   at BookingBugBookingIntegration.BookingBugClient.GetPagedJson(String target) in c:\2012Source\S-P3\VCReporting\Main\Source\BookingBugBookingIntegration\BookingBugClient.cs:line 60
   at BookingBugBookingIntegration.BookingBugApi.GetClients() in c:\2012Source\S-P3\VCReporting\Main\Source\BookingBugBookingIntegration\BookingBugApi.cs:line 116
   at BookingBugBookingIntegration.BookingBugOperations.GetClients.Execute(String[] args) in c:\2012Source\S-P3\VCReporting\Main\Source\BookingBugBookingIntegration\BookingBugOperations\GetClients.cs:line 24
   at BookingBugBookingIntegration.BookingBugBookingIntegration.Execute(String[] args) in c:\2012Source\S-P3\VCReporting\Main\Source\BookingBugBookingIntegration\BookingBugBookingIntegration.cs:line 34
   at IntegrationRunner.IntegrationRunner.Main(String[] args) in c:\2012Source\S-P3\VCReporting\Main\Source\IntegrationRunner\IntegrationRunner.cs:line 32
2015-04-13 14:37:01,256 [11] INFO  bookingbug - Starting Booking Bug Booking execution
2015-04-13 14:37:50,117 [11] ERROR bookingbug - bookingbug integration failed
System.Exception: Unable to retreive data from Booking Bug due to: Not Found
   at BookingBugBookingIntegration.BookingBugClient.GetPagedJson(String target) in c:\2012Source\S-P3\VCReporting\Main\Source\BookingBugBookingIntegration\BookingBugClient.cs:line 60
   at BookingBugBookingIntegration.BookingBugApi.GetClients() in c:\2012Source\S-P3\VCReporting\Main\Source\BookingBugBookingIntegration\BookingBugApi.cs:line 116
   at BookingBugBookingIntegration.BookingBugOperations.GetClients.Execute(String[] args) in c:\2012Source\S-P3\VCReporting\Main\Source\BookingBugBookingIntegration\BookingBugOperations\GetClients.cs:line 24
   at BookingBugBookingIntegration.BookingBugBookingIntegration.Execute(String[] args) in c:\2012Source\S-P3\VCReporting\Main\Source\BookingBugBookingIntegration\BookingBugBookingIntegration.cs:line 34
   at IntegrationRunner.IntegrationRunner.Main(String[] args) in c:\2012Source\S-P3\VCReporting\Main\Source\IntegrationRunner\IntegrationRunner.cs:line 32
2015-04-13 14:38:05,745 [10] INFO  bookingbug - Starting Booking Bug Booking execution
2015-04-13 14:40:06,500 [8] INFO  bookingbug - Starting Booking Bug Booking execution
2015-04-13 14:40:28,078 [8] ERROR bookingbug - bookingbug integration failed
System.Exception: Unable to retreive data from Booking Bug due to: Not Found
   at BookingBugBookingIntegration.BookingBugClient.GetPagedJson(String target) in c:\2012Source\S-P3\VCReporting\Main\Source\BookingBugBookingIntegration\BookingBugClient.cs:line 59
   at BookingBugBookingIntegration.BookingBugApi.GetClients() in c:\2012Source\S-P3\VCReporting\Main\Source\BookingBugBookingIntegration\BookingBugApi.cs:line 116
   at BookingBugBookingIntegration.BookingBugOperations.GetClients.Execute(String[] args) in c:\2012Source\S-P3\VCReporting\Main\Source\BookingBugBookingIntegration\BookingBugOperations\GetClients.cs:line 24
   at BookingBugBookingIntegration.BookingBugBookingIntegration.Execute(String[] args) in c:\2012Source\S-P3\VCReporting\Main\Source\BookingBugBookingIntegration\BookingBugBookingIntegration.cs:line 34
   at IntegrationRunner.IntegrationRunner.Main(String[] args) in c:\2012Source\S-P3\VCReporting\Main\Source\IntegrationRunner\IntegrationRunner.cs:line 32
2015-04-13 14:40:51,082 [10] INFO  bookingbug - Starting Booking Bug Booking execution
2015-04-13 14:41:04,447 [10] ERROR bookingbug - bookingbug integration failed
System.Exception: Unable to retreive data from Booking Bug due to: Not Found
   at BookingBugBookingIntegration.BookingBugClient.GetPagedJson(String target) in c:\2012Source\S-P3\VCReporting\Main\Source\BookingBugBookingIntegration\BookingBugClient.cs:line 59
   at BookingBugBookingIntegration.BookingBugApi.GetClients() in c:\2012Source\S-P3\VCReporting\Main\Source\BookingBugBookingIntegration\BookingBugApi.cs:line 116
   at BookingBugBookingIntegration.BookingBugOperations.GetClients.Execute(String[] args) in c:\2012Source\S-P3\VCReporting\Main\Source\BookingBugBookingIntegration\BookingBugOperations\GetClients.cs:line 24
   at BookingBugBookingIntegration.BookingBugBookingIntegration.Execute(String[] args) in c:\2012Source\S-P3\VCReporting\Main\Source\BookingBugBookingIntegration\BookingBugBookingIntegration.cs:line 34
   at IntegrationRunner.IntegrationRunner.Main(String[] args) in c:\2012Source\S-P3\VCReporting\Main\Source\IntegrationRunner\IntegrationRunner.cs:line 32
2015-04-13 14:41:19,727 [10] INFO  bookingbug - Starting Booking Bug Booking execution
2015-04-13 14:42:04,031 [9] INFO  bookingbug - Starting Booking Bug Booking execution
2015-04-13 14:43:27,052 [9] INFO  bookingbug - 2595 clients retrieved successfully.
2015-04-13 14:43:40,666 [9] INFO  bookingbug - Clients saved successfully
2015-04-13 14:43:40,667 [9] INFO  bookingbug - Finished Booking Bug Booking execution
2015-04-13 15:07:31,760 [8] INFO  bookingbug - Starting Booking Bug Booking execution
2015-04-13 15:08:05,742 [10] INFO  bookingbug - Starting Booking Bug Booking execution
2015-04-13 15:08:30,884 [10] INFO  bookingbug - Retrieving data.
2015-04-13 15:08:33,623 [10] INFO  bookingbug - Sending to booking bug.
2015-04-13 15:09:15,751 [10] ERROR bookingbug - bookingbug integration failed
System.IndexOutOfRangeException: Index was outside the bounds of the array.
   at BookingBugBookingIntegration.BookingBugOperations.PostData.Execute(String[] args) in c:\2012Source\S-P3\VCReporting\Main\Source\BookingBugBookingIntegration\BookingBugOperations\PostData.cs:line 37
   at BookingBugBookingIntegration.BookingBugBookingIntegration.Execute(String[] args) in c:\2012Source\S-P3\VCReporting\Main\Source\BookingBugBookingIntegration\BookingBugBookingIntegration.cs:line 34
   at IntegrationRunner.IntegrationRunner.Main(String[] args) in c:\2012Source\S-P3\VCReporting\Main\Source\IntegrationRunner\IntegrationRunner.cs:line 32
2015-04-13 15:09:37,076 [10] INFO  bookingbug - Starting Booking Bug Booking execution
2015-04-13 15:09:39,305 [10] INFO  bookingbug - Retrieving data.
2015-04-13 15:09:42,195 [10] INFO  bookingbug - Sending to booking bug.
2015-04-13 15:10:58,054 [10] INFO  bookingbug - Starting Booking Bug Booking execution
2015-04-13 15:11:00,241 [10] INFO  bookingbug - Retrieving data.
2015-04-13 15:11:01,750 [10] INFO  bookingbug - Sending to booking bug.
2015-04-13 15:11:47,634 [10] INFO  bookingbug - Finished Booking Bug Booking execution
