2015-03-31 10:27:46,532 [9] ERROR bbbooking - bbbooking integration failed
System.AggregateException: One or more errors occurred. ---> System.Net.Http.HttpRequestException: An error occurred while sending the request. ---> System.Net.WebException: The underlying connection was closed: The connection was closed unexpectedly.
   at System.Net.HttpWebRequest.EndGetResponse(IAsyncResult asyncResult)
   at System.Net.Http.HttpClientHandler.GetResponseCallback(IAsyncResult ar)
   --- End of inner exception stack trace ---
   at System.Runtime.CompilerServices.TaskAwaiter.ThrowForNonSuccess(Task task)
   at System.Runtime.CompilerServices.TaskAwaiter.HandleNonSuccessAndDebuggerNotification(Task task)
   at System.Runtime.CompilerServices.TaskAwaiter`1.GetResult()
   at BookingBugBookingIntegration.BookingBugBookingIntegration.<Test>d__5.MoveNext() in c:\2012Source\S-P3\VCReporting\Main\Source\BookingBugBookingIntegration\BookingBugBookingIntegration.cs:line 65
   --- End of inner exception stack trace ---
   at System.Threading.Tasks.Task.ThrowIfExceptional(Boolean includeTaskCanceledExceptions)
   at System.Threading.Tasks.Task.Wait(Int32 millisecondsTimeout, CancellationToken cancellationToken)
   at System.Threading.Tasks.Task.Wait()
   at BookingBugBookingIntegration.BookingBugBookingIntegration.Execute(String[] args) in c:\2012Source\S-P3\VCReporting\Main\Source\BookingBugBookingIntegration\BookingBugBookingIntegration.cs:line 43
   at IntegrationRunner.IntegrationRunner.Main(String[] args) in c:\2012Source\S-P3\VCReporting\Main\Source\IntegrationRunner\IntegrationRunner.cs:line 32
---> (Inner Exception #0) System.Net.Http.HttpRequestException: An error occurred while sending the request. ---> System.Net.WebException: The underlying connection was closed: The connection was closed unexpectedly.
   at System.Net.HttpWebRequest.EndGetResponse(IAsyncResult asyncResult)
   at System.Net.Http.HttpClientHandler.GetResponseCallback(IAsyncResult ar)
   --- End of inner exception stack trace ---
   at System.Runtime.CompilerServices.TaskAwaiter.ThrowForNonSuccess(Task task)
   at System.Runtime.CompilerServices.TaskAwaiter.HandleNonSuccessAndDebuggerNotification(Task task)
   at System.Runtime.CompilerServices.TaskAwaiter`1.GetResult()
   at BookingBugBookingIntegration.BookingBugBookingIntegration.<Test>d__5.MoveNext() in c:\2012Source\S-P3\VCReporting\Main\Source\BookingBugBookingIntegration\BookingBugBookingIntegration.cs:line 65<---

2015-03-31 14:01:17,427 [9] INFO  bbbooking - Starting Booking Bug Booking execution
2015-03-31 14:01:22,672 [9] ERROR bbbooking - bbbooking integration failed
System.IndexOutOfRangeException: Index was outside the bounds of the array.
   at BookingBugBookingIntegration.BookingBugBookingIntegration.<>c__DisplayClass3.<Execute>b__2(IBookingBugOperation b) in c:\2012Source\S-P3\VCReporting\Main\Source\BookingBugBookingIntegration\BookingBugBookingIntegration.cs:line 37
   at System.Linq.Enumerable.First[TSource](IEnumerable`1 source, Func`2 predicate)
   at BookingBugBookingIntegration.BookingBugBookingIntegration.Execute(String[] args) in c:\2012Source\S-P3\VCReporting\Main\Source\BookingBugBookingIntegration\BookingBugBookingIntegration.cs:line 37
   at IntegrationRunner.IntegrationRunner.Main(String[] args) in c:\2012Source\S-P3\VCReporting\Main\Source\IntegrationRunner\IntegrationRunner.cs:line 32
2015-03-31 14:02:14,953 [10] INFO  bbbooking - Starting Booking Bug Booking execution
2015-03-31 14:02:17,410 [10] ERROR bbbooking - bbbooking integration failed
System.IndexOutOfRangeException: Index was outside the bounds of the array.
   at BookingBugBookingIntegration.BookingBugBookingIntegration.<>c__DisplayClass3.<Execute>b__2(IBookingBugOperation b) in c:\2012Source\S-P3\VCReporting\Main\Source\BookingBugBookingIntegration\BookingBugBookingIntegration.cs:line 37
   at System.Linq.Enumerable.First[TSource](IEnumerable`1 source, Func`2 predicate)
   at BookingBugBookingIntegration.BookingBugBookingIntegration.Execute(String[] args) in c:\2012Source\S-P3\VCReporting\Main\Source\BookingBugBookingIntegration\BookingBugBookingIntegration.cs:line 37
   at IntegrationRunner.IntegrationRunner.Main(String[] args) in c:\2012Source\S-P3\VCReporting\Main\Source\IntegrationRunner\IntegrationRunner.cs:line 32
2015-03-31 14:03:25,044 [9] INFO  bbbooking - Starting Booking Bug Booking execution
2015-03-31 14:03:34,277 [9] ERROR bbbooking - bbbooking integration failed
System.IndexOutOfRangeException: Index was outside the bounds of the array.
   at BookingBugBookingIntegration.BookingBugBookingIntegration.<>c__DisplayClass3.<Execute>b__2(IBookingBugOperation b) in c:\2012Source\S-P3\VCReporting\Main\Source\BookingBugBookingIntegration\BookingBugBookingIntegration.cs:line 37
   at System.Linq.Enumerable.First[TSource](IEnumerable`1 source, Func`2 predicate)
   at BookingBugBookingIntegration.BookingBugBookingIntegration.Execute(String[] args) in c:\2012Source\S-P3\VCReporting\Main\Source\BookingBugBookingIntegration\BookingBugBookingIntegration.cs:line 37
   at IntegrationRunner.IntegrationRunner.Main(String[] args) in c:\2012Source\S-P3\VCReporting\Main\Source\IntegrationRunner\IntegrationRunner.cs:line 32
2015-03-31 14:09:57,929 [10] INFO  bbbooking - Starting Booking Bug Booking execution
2015-03-31 14:10:58,579 [10] INFO  bbbooking - Starting Booking Bug Booking execution
2015-03-31 16:10:55,428 [10] INFO  bbbooking - Starting Booking Bug Booking execution
2015-03-31 16:40:10,311 [10] INFO  bbbooking - Starting Booking Bug Booking execution
2015-03-31 16:40:11,850 [10] INFO  bbbooking - Finished Booking Bug Booking execution
2015-03-31 16:41:33,105 [10] INFO  bbbooking - Starting Booking Bug Booking execution
2015-03-31 16:41:33,124 [10] ERROR bbbooking - bbbooking integration failed
System.IndexOutOfRangeException: Not enough arguments, you must specify a booking ID
   at BookingBugBookingIntegration.BookingBugOperations.GetBookings.GetBookingFromParams(IReadOnlyList`1 args) in c:\2012Source\S-P3\VCReporting\Main\Source\BookingBugBookingIntegration\BookingBugOperations\GetBookings.cs:line 27
   at BookingBugBookingIntegration.BookingBugOperations.GetBookings.Execute(String[] args) in c:\2012Source\S-P3\VCReporting\Main\Source\BookingBugBookingIntegration\BookingBugOperations\GetBookings.cs:line 20
   at BookingBugBookingIntegration.BookingBugBookingIntegration.Execute(String[] args) in c:\2012Source\S-P3\VCReporting\Main\Source\BookingBugBookingIntegration\BookingBugBookingIntegration.cs:line 38
   at IntegrationRunner.IntegrationRunner.Main(String[] args) in c:\2012Source\S-P3\VCReporting\Main\Source\IntegrationRunner\IntegrationRunner.cs:line 32
2015-03-31 16:42:39,035 [9] INFO  bbbooking - Starting Booking Bug Booking execution
2015-03-31 16:42:39,054 [9] ERROR bbbooking - bbbooking integration failed
System.IndexOutOfRangeException: Not enough arguments, you must specify a booking ID
   at BookingBugBookingIntegration.BookingBugOperations.GetBookings.GetBookingFromParams(IReadOnlyList`1 args) in c:\2012Source\S-P3\VCReporting\Main\Source\BookingBugBookingIntegration\BookingBugOperations\GetBookings.cs:line 27
   at BookingBugBookingIntegration.BookingBugOperations.GetBookings.Execute(String[] args) in c:\2012Source\S-P3\VCReporting\Main\Source\BookingBugBookingIntegration\BookingBugOperations\GetBookings.cs:line 20
   at BookingBugBookingIntegration.BookingBugBookingIntegration.Execute(String[] args) in c:\2012Source\S-P3\VCReporting\Main\Source\BookingBugBookingIntegration\BookingBugBookingIntegration.cs:line 38
   at IntegrationRunner.IntegrationRunner.Main(String[] args) in c:\2012Source\S-P3\VCReporting\Main\Source\IntegrationRunner\IntegrationRunner.cs:line 32
2015-03-31 16:43:01,960 [10] INFO  bbbooking - Starting Booking Bug Booking execution
2015-03-31 16:44:22,672 [9] INFO  bbbooking - Starting Booking Bug Booking execution
2015-03-31 16:44:46,441 [9] ERROR bbbooking - bbbooking integration failed
System.NullReferenceException: Object reference not set to an instance of an object.
   at BookingBugBookingIntegration.BookingBugClient.GetPagedJson(String target) in c:\2012Source\S-P3\VCReporting\Main\Source\BookingBugBookingIntegration\IBookingBugClient.cs:line 43
   at BookingBugBookingIntegration.BookingBugApi.GetBookings(DateTime modified) in c:\2012Source\S-P3\VCReporting\Main\Source\BookingBugBookingIntegration\IBookingBugApi.cs:line 31
   at BookingBugBookingIntegration.BookingBugOperations.GetBookings.Execute(String[] args) in c:\2012Source\S-P3\VCReporting\Main\Source\BookingBugBookingIntegration\BookingBugOperations\GetBookings.cs:line 21
   at BookingBugBookingIntegration.BookingBugBookingIntegration.Execute(String[] args) in c:\2012Source\S-P3\VCReporting\Main\Source\BookingBugBookingIntegration\BookingBugBookingIntegration.cs:line 38
   at IntegrationRunner.IntegrationRunner.Main(String[] args) in c:\2012Source\S-P3\VCReporting\Main\Source\IntegrationRunner\IntegrationRunner.cs:line 32
2015-03-31 16:45:07,384 [9] INFO  bbbooking - Starting Booking Bug Booking execution
2015-03-31 16:47:11,953 [10] INFO  bbbooking - Starting Booking Bug Booking execution
2015-03-31 16:47:35,281 [10] INFO  bbbooking - Finished Booking Bug Booking execution
